#
# A fatal error has been detected by the Java Runtime Environment:
#
#  EXCEPTION_ACCESS_VIOLATION (0xc0000005) at pc=0x0000000064a31b89, pid=11052, tid=5252
#
# JRE version: OpenJDK Runtime Environment (17.0+35) (build 17+35-2724)
# Java VM: OpenJDK 64-Bit Server VM (17+35-2724, mixed mode, sharing, tiered, compressed oops, compressed class ptrs, g1 gc, windows-amd64)
# Problematic frame:
# C  [imgui-java64.dll+0x31b89]
#
# No core dump will be written. Minidumps are not enabled by default on client versions of Windows
#
# If you would like to submit a bug report, please visit:
#   https://bugreport.java.com/bugreport/crash.jsp
# The crash happened outside the Java Virtual Machine in native code.
# See problematic frame for where to report the bug.
#

---------------  S U M M A R Y ------------

Command Line: -Dfile.encoding=windows-1251 -Duser.country=US -Duser.language=en -Duser.variant Main

Host: AMD Ryzen 7 4800H with Radeon Graphics         , 16 cores, 15G,  Windows 10 , 64 bit Build 22000 (10.0.22000.318)
Time: Wed Dec 15 10:21:56 2021 Novosibirsk Standard Time elapsed time: 3.436973 seconds (0d 0h 0m 3s)

---------------  T H R E A D  ---------------

Current thread (0x0000025d6a645b50):  JavaThread "main" [_thread_in_native, id=5252, stack(0x0000006a72400000,0x0000006a72500000)]

Stack: [0x0000006a72400000,0x0000006a72500000],  sp=0x0000006a724fef70,  free space=1019k
Native frames: (J=compiled Java code, j=interpreted, Vv=VM code, C=native code)
C  [imgui-java64.dll+0x31b89]

Java frames: (J=compiled Java code, j=interpreted, Vv=VM code)
j  imgui.ImGui.beginChild(Ljava/lang/String;)Z+0
j  controllers.LevelCntrl.update(F)V+2
j  job.GameObject.update(F)V+29
j  scenes.Scene.update(D)V+41
j  job.MainWindow.Loop()V+178
j  job.MainWindow.Run()V+19
j  Main.main([Ljava/lang/String;)V+5
v  ~StubRoutines::call_stub

siginfo: EXCEPTION_ACCESS_VIOLATION (0xc0000005), writing address 0x00000000000000d1


Register to memory mapping:

RIP=0x0000000064a31b89 imgui-java64.dll
RAX=0x0000025d0fd983e0 points into unknown readable memory: 0x0000025d68670101 | 01 01 67 68 5d 02 00 00
RBX=0x0000006a724feff8 is pointing into the stack for thread: 0x0000025d6a645b50
RCX=0x0 is NULL
RDX=0x0000025d15652750 points into unknown readable memory: 0x0000616c62616c62 | 62 6c 61 62 6c 61 00 00
RSP=0x0000006a724fef70 is pointing into the stack for thread: 0x0000025d6a645b50
RBP=0x0000006a724ff0a8 is pointing into the stack for thread: 0x0000025d6a645b50
RSI=0x0 is NULL
RDI=0x0 is NULL
R8 =0x0 is NULL
R9 =0x0 is NULL
R10=0x0000025d15652756 points into unknown readable memory: 00 00
R11=0x0000025d15652750 points into unknown readable memory: 0x0000616c62616c62 | 62 6c 61 62 6c 61 00 00
R12=0x0000025d15652750 points into unknown readable memory: 0x0000616c62616c62 | 62 6c 61 62 6c 61 00 00
R13=0x0000006a724ff0c8 is pointing into the stack for thread: 0x0000025d6a645b50
R14=0x0000006a724ff0c8 is pointing into the stack for thread: 0x0000025d6a645b50
R15=0x0000025d6a645b50 is a thread


Registers:
RAX=0x0000025d0fd983e0, RBX=0x0000006a724feff8, RCX=0x0000000000000000, RDX=0x0000025d15652750
RSP=0x0000006a724fef70, RBP=0x0000006a724ff0a8, RSI=0x0000000000000000, RDI=0x0000000000000000
R8 =0x0000000000000000, R9 =0x0000000000000000, R10=0x0000025d15652756, R11=0x0000025d15652750
R12=0x0000025d15652750, R13=0x0000006a724ff0c8, R14=0x0000006a724ff0c8, R15=0x0000025d6a645b50
RIP=0x0000000064a31b89, EFLAGS=0x0000000000010246

Top of Stack: (sp=0x0000006a724fef70)
0x0000006a724fef70:   0000025d6a645b50 0000000000000000
0x0000006a724fef80:   0000025d6a645b50 0000006a724ff0c8
0x0000006a724fef90:   00007ff987c521e7 0000000064a4ace0
0x0000006a724fefa0:   0000025d0000d621 0000025d15652750
0x0000006a724fefb0:   0000000000000280 00000000000007e6
0x0000006a724fefc0:   0000025d6a645df8 0000000064a4acff
0x0000006a724fefd0:   0000006a724ff0a8 0000006a724ff0c8
0x0000006a724fefe0:   0000025d6a645b50 0000025d6a645b50
0x0000006a724feff0:   00000000000007e6 0000000000000000
0x0000006a724ff000:   0000025d1ac29020 0000025d1ac29020
0x0000006a724ff010:   0000000000000000 0000025d1ac29020
0x0000006a724ff020:   0000006a724ff0c8 0000025d0000d621
0x0000006a724ff030:   0000025d1ac29020 0000000000000280
0x0000006a724ff040:   0000025d00000000 0000006a724ff118
0x0000006a724ff050:   0000006a724ff0d0 0000025d0000d2f6
0x0000006a724ff060:   0000006a724ff060 0000025d1ac29020 

Instructions: (pc=0x0000000064a31b89)
0x0000000064a31a89:   00 00 39 bb 10 1e 00 00 74 45 0f 28 74 24 40 48
0x0000000064a31a99:   83 c4 58 5b 5e 5f 5d 41 5c 41 5d 41 5e 41 5f c3
0x0000000064a31aa9:   0f 1f 80 00 00 00 00 66 0f 6e d8 f3 0f 58 c3 0f
0x0000000064a31ab9:   2f 05 f5 06 22 00 0f 83 14 ff ff ff f3 0f 10 05
0x0000000064a31ac9:   e7 06 22 00 e9 07 ff ff ff 66 0f 1f 44 00 00 81
0x0000000064a31ad9:   e6 00 00 80 00 75 b3 41 8b 94 24 90 01 00 00 85
0x0000000064a31ae9:   d2 75 0b 41 80 bc 24 9d 01 00 00 00 74 9c 4c 89
0x0000000064a31af9:   e1 88 44 24 3f e8 9d 8e fe ff 31 d2 4c 89 e1 e8
0x0000000064a31b09:   63 be fe ff 8d 4f 01 4c 89 e2 e8 68 f9 fd ff 0f
0x0000000064a31b19:   b6 44 24 3f c7 83 78 1c 00 00 02 00 00 00 e9 67
0x0000000064a31b29:   ff ff ff 0f 1f 40 00 89 7c 24 20 4d 8b 4d 00 ba
0x0000000064a31b39:   01 0c 00 00 4c 89 f9 4c 8d 05 fa d6 21 00 e8 c4
0x0000000064a31b49:   90 fd ff e9 df fe ff ff 66 66 2e 0f 1f 84 00 00
0x0000000064a31b59:   00 00 00 0f 1f 40 00 41 54 57 56 53 48 83 ec 38
0x0000000064a31b69:   48 8b 05 18 65 2b 00 49 89 cc 48 8b 88 e8 1b 00
0x0000000064a31b79:   00 44 89 cf 48 89 d3 44 89 c6 4c 89 e2 45 31 c0
0x0000000064a31b89:   c6 81 d1 00 00 00 01 e8 fb f0 fd ff 89 7c 24 20
0x0000000064a31b99:   44 0f b6 ce 49 89 d8 89 c2 4c 89 e1 e8 76 fd ff
0x0000000064a31ba9:   ff 48 83 c4 38 5b 5e 5f 41 5c c3 66 66 2e 0f 1f
0x0000000064a31bb9:   84 00 00 00 00 00 90 41 54 57 56 53 48 83 ec 38
0x0000000064a31bc9:   41 89 cc 48 89 d3 44 89 c6 44 89 cf 85 c9 74 27
0x0000000064a31bd9:   89 7c 24 20 44 0f b6 ce 49 89 d8 44 89 e2 31 c9
0x0000000064a31be9:   e8 32 fd ff ff 48 83 c4 38 5b 5e 5f 41 5c c3 0f
0x0000000064a31bf9:   1f 84 00 00 00 00 00 41 b8 69 14 00 00 48 8d 15
0x0000000064a31c09:   13 a6 21 00 48 8d 0d c1 bf 21 00 ff 15 d2 7b 2d
0x0000000064a31c19:   00 eb bd 0f 1f 40 00 41 54 57 56 53 48 83 ec 38
0x0000000064a31c29:   48 8b 1d 58 64 2b 00 41 89 cc 48 89 d7 b9 03 00
0x0000000064a31c39:   00 00 44 89 c6 48 8d 93 6c 17 00 00 81 ce 04 00
0x0000000064a31c49:   01 00 e8 20 db fd ff f3 0f 10 8b 78 16 00 00 b9
0x0000000064a31c59:   06 00 00 00 e8 4e dd fd ff f3 0f 10 8b 7c 16 00
0x0000000064a31c69:   00 b9 07 00 00 00 e8 3c dd fd ff 48 8d 93 70 16
0x0000000064a31c79:   00 00 b9 01 00 00 00 e8 eb de fd ff 45 85 e4 74 


Stack slot to memory mapping:
stack at sp + 0 slots: 0x0000025d6a645b50 is a thread
stack at sp + 1 slots: 0x0 is NULL
stack at sp + 2 slots: 0x0000025d6a645b50 is a thread
stack at sp + 3 slots: 0x0000006a724ff0c8 is pointing into the stack for thread: 0x0000025d6a645b50
stack at sp + 4 slots: 0x00007ff987c521e7 jvm.dll
stack at sp + 5 slots: 0x0000000064a4ace0 imgui-java64.dll
stack at sp + 6 slots: 0x0000025d0000d621 is at code_begin+993 in an Interpreter codelet
method entry point (kind = native)  [0x0000025d0000d240, 0x0000025d0000dbc0]  2432 bytes
stack at sp + 7 slots: 0x0000025d15652750 points into unknown readable memory: 0x0000616c62616c62 | 62 6c 61 62 6c 61 00 00


---------------  P R O C E S S  ---------------

Threads class SMR info:
_java_thread_list=0x0000025d20121220, length=15, elements={
0x0000025d6a645b50, 0x0000025d7e9079a0, 0x0000025d7e908610, 0x0000025d7e9206d0,
0x0000025d7e920f90, 0x0000025d7e921940, 0x0000025d7e923910, 0x0000025d7e9287e0,
0x0000025d7e928fb0, 0x0000025d7f428080, 0x0000025d7f52a3a0, 0x0000025d7f530ce0,
0x0000025d7f561080, 0x0000025d7f564710, 0x0000025d15314bb0
}

Java Threads: ( => current thread )
=>0x0000025d6a645b50 JavaThread "main" [_thread_in_native, id=5252, stack(0x0000006a72400000,0x0000006a72500000)]
  0x0000025d7e9079a0 JavaThread "Reference Handler" daemon [_thread_blocked, id=7420, stack(0x0000006a72b00000,0x0000006a72c00000)]
  0x0000025d7e908610 JavaThread "Finalizer" daemon [_thread_blocked, id=8504, stack(0x0000006a72c00000,0x0000006a72d00000)]
  0x0000025d7e9206d0 JavaThread "Signal Dispatcher" daemon [_thread_blocked, id=12656, stack(0x0000006a72d00000,0x0000006a72e00000)]
  0x0000025d7e920f90 JavaThread "Attach Listener" daemon [_thread_blocked, id=6872, stack(0x0000006a72e00000,0x0000006a72f00000)]
  0x0000025d7e921940 JavaThread "Service Thread" daemon [_thread_blocked, id=13200, stack(0x0000006a72f00000,0x0000006a73000000)]
  0x0000025d7e923910 JavaThread "Monitor Deflation Thread" daemon [_thread_blocked, id=21344, stack(0x0000006a73000000,0x0000006a73100000)]
  0x0000025d7e9287e0 JavaThread "C2 CompilerThread0" daemon [_thread_blocked, id=17288, stack(0x0000006a73100000,0x0000006a73200000)]
  0x0000025d7e928fb0 JavaThread "C1 CompilerThread0" daemon [_thread_blocked, id=3276, stack(0x0000006a73200000,0x0000006a73300000)]
  0x0000025d7f428080 JavaThread "Sweeper thread" daemon [_thread_blocked, id=16820, stack(0x0000006a73300000,0x0000006a73400000)]
  0x0000025d7f52a3a0 JavaThread "C1 CompilerThread1" daemon [_thread_blocked, id=15736, stack(0x0000006a73400000,0x0000006a73500000)]
  0x0000025d7f530ce0 JavaThread "C1 CompilerThread2" daemon [_thread_blocked, id=20072, stack(0x0000006a73500000,0x0000006a73600000)]
  0x0000025d7f561080 JavaThread "Notification Thread" daemon [_thread_blocked, id=7388, stack(0x0000006a73600000,0x0000006a73700000)]
  0x0000025d7f564710 JavaThread "Common-Cleaner" daemon [_thread_blocked, id=3388, stack(0x0000006a73800000,0x0000006a73900000)]
  0x0000025d15314bb0 JavaThread "C2 CompilerThread1" daemon [_thread_blocked, id=11596, stack(0x0000006a73900000,0x0000006a73a00000)]

Other Threads:
  0x0000025d7e902200 VMThread "VM Thread" [stack: 0x0000006a72a00000,0x0000006a72b00000] [id=4780]
  0x0000025d6a6dda10 WatcherThread [stack: 0x0000006a73700000,0x0000006a73800000] [id=17740]
  0x0000025d6a693140 GCTaskThread "GC Thread#0" [stack: 0x0000006a72500000,0x0000006a72600000] [id=1608]
  0x0000025d1fff9470 GCTaskThread "GC Thread#1" [stack: 0x0000006a74260000,0x0000006a74360000] [id=12900]
  0x0000025d1fff9720 GCTaskThread "GC Thread#2" [stack: 0x0000006a74360000,0x0000006a74460000] [id=10032]
  0x0000025d1fff9c80 GCTaskThread "GC Thread#3" [stack: 0x0000006a74460000,0x0000006a74560000] [id=20216]
  0x0000025d1fff8f10 GCTaskThread "GC Thread#4" [stack: 0x0000006a74560000,0x0000006a74660000] [id=17032]
  0x0000025d1fff89b0 GCTaskThread "GC Thread#5" [stack: 0x0000006a74660000,0x0000006a74760000] [id=12768]
  0x0000025d1fff91c0 GCTaskThread "GC Thread#6" [stack: 0x0000006a74760000,0x0000006a74860000] [id=16756]
  0x0000025d1fff9f30 GCTaskThread "GC Thread#7" [stack: 0x0000006a74860000,0x0000006a74960000] [id=13916]
  0x0000025d6a6a5760 ConcurrentGCThread "G1 Main Marker" [stack: 0x0000006a72600000,0x0000006a72700000] [id=8688]
  0x0000025d6a6a7920 ConcurrentGCThread "G1 Conc#0" [stack: 0x0000006a72700000,0x0000006a72800000] [id=19464]
  0x0000025d6a7155a0 ConcurrentGCThread "G1 Refine#0" [stack: 0x0000006a72800000,0x0000006a72900000] [id=3520]
  0x0000025d6a715fc0 ConcurrentGCThread "G1 Service" [stack: 0x0000006a72900000,0x0000006a72a00000] [id=13392]

Threads with active compile tasks:

VM state: not at safepoint (normal execution)

VM Mutex/Monitor currently owned by a thread: None

Heap address: 0x0000000709400000, size: 3948 MB, Compressed Oops mode: Zero based, Oop shift amount: 3

CDS archive(s) mapped at: [0x0000000800000000-0x0000000800bc0000-0x0000000800bc0000), size 12320768, SharedBaseAddress: 0x0000000800000000, ArchiveRelocationMode: 0.
Compressed class space mapped at: 0x0000000800c00000-0x0000000840c00000, reserved size: 1073741824
Narrow klass base: 0x0000000800000000, Narrow klass shift: 0, Narrow klass range: 0x100000000

GC Precious Log:
 CPUs: 16 total, 16 available
 Memory: 15791M
 Large Page Support: Disabled
 NUMA Support: Disabled
 Compressed Oops: Enabled (Zero based)
 Heap Region Size: 2M
 Heap Min Capacity: 8M
 Heap Initial Capacity: 248M
 Heap Max Capacity: 3948M
 Pre-touch: Disabled
 Parallel Workers: 13
 Concurrent Workers: 3
 Concurrent Refinement Workers: 13
 Periodic GC: Disabled

Heap:
 garbage-first heap   total 253952K, used 9253K [0x0000000709400000, 0x0000000800000000)
  region size 2048K, 6 young (12288K), 2 survivors (4096K)
 Metaspace       used 9772K, committed 10048K, reserved 1064960K
  class space    used 573K, committed 704K, reserved 1048576K

Heap Regions: E=young(eden), S=young(survivor), O=old, HS=humongous(starts), HC=humongous(continues), CS=collection set, F=free, OA=open archive, CA=closed archive, TAMS=top-at-mark-start (previous, next)
|   0|0x0000000709400000, 0x0000000709400000, 0x0000000709600000|  0%| F|  |TAMS 0x0000000709400000, 0x0000000709400000| Untracked 
|   1|0x0000000709600000, 0x0000000709600000, 0x0000000709800000|  0%| F|  |TAMS 0x0000000709600000, 0x0000000709600000| Untracked 
|   2|0x0000000709800000, 0x0000000709800000, 0x0000000709a00000|  0%| F|  |TAMS 0x0000000709800000, 0x0000000709800000| Untracked 
|   3|0x0000000709a00000, 0x0000000709a00000, 0x0000000709c00000|  0%| F|  |TAMS 0x0000000709a00000, 0x0000000709a00000| Untracked 
|   4|0x0000000709c00000, 0x0000000709c00000, 0x0000000709e00000|  0%| F|  |TAMS 0x0000000709c00000, 0x0000000709c00000| Untracked 
|   5|0x0000000709e00000, 0x0000000709e00000, 0x000000070a000000|  0%| F|  |TAMS 0x0000000709e00000, 0x0000000709e00000| Untracked 
|   6|0x000000070a000000, 0x000000070a000000, 0x000000070a200000|  0%| F|  |TAMS 0x000000070a000000, 0x000000070a000000| Untracked 
|   7|0x000000070a200000, 0x000000070a200000, 0x000000070a400000|  0%| F|  |TAMS 0x000000070a200000, 0x000000070a200000| Untracked 
|   8|0x000000070a400000, 0x000000070a400000, 0x000000070a600000|  0%| F|  |TAMS 0x000000070a400000, 0x000000070a400000| Untracked 
|   9|0x000000070a600000, 0x000000070a600000, 0x000000070a800000|  0%| F|  |TAMS 0x000000070a600000, 0x000000070a600000| Untracked 
|  10|0x000000070a800000, 0x000000070a800000, 0x000000070aa00000|  0%| F|  |TAMS 0x000000070a800000, 0x000000070a800000| Untracked 
|  11|0x000000070aa00000, 0x000000070aa00000, 0x000000070ac00000|  0%| F|  |TAMS 0x000000070aa00000, 0x000000070aa00000| Untracked 
|  12|0x000000070ac00000, 0x000000070ac00000, 0x000000070ae00000|  0%| F|  |TAMS 0x000000070ac00000, 0x000000070ac00000| Untracked 
|  13|0x000000070ae00000, 0x000000070ae00000, 0x000000070b000000|  0%| F|  |TAMS 0x000000070ae00000, 0x000000070ae00000| Untracked 
|  14|0x000000070b000000, 0x000000070b000000, 0x000000070b200000|  0%| F|  |TAMS 0x000000070b000000, 0x000000070b000000| Untracked 
|  15|0x000000070b200000, 0x000000070b200000, 0x000000070b400000|  0%| F|  |TAMS 0x000000070b200000, 0x000000070b200000| Untracked 
|  16|0x000000070b400000, 0x000000070b400000, 0x000000070b600000|  0%| F|  |TAMS 0x000000070b400000, 0x000000070b400000| Untracked 
|  17|0x000000070b600000, 0x000000070b600000, 0x000000070b800000|  0%| F|  |TAMS 0x000000070b600000, 0x000000070b600000| Untracked 
|  18|0x000000070b800000, 0x000000070b800000, 0x000000070ba00000|  0%| F|  |TAMS 0x000000070b800000, 0x000000070b800000| Untracked 
|  19|0x000000070ba00000, 0x000000070ba00000, 0x000000070bc00000|  0%| F|  |TAMS 0x000000070ba00000, 0x000000070ba00000| Untracked 
|  20|0x000000070bc00000, 0x000000070bc00000, 0x000000070be00000|  0%| F|  |TAMS 0x000000070bc00000, 0x000000070bc00000| Untracked 
|  21|0x000000070be00000, 0x000000070be00000, 0x000000070c000000|  0%| F|  |TAMS 0x000000070be00000, 0x000000070be00000| Untracked 
|  22|0x000000070c000000, 0x000000070c000000, 0x000000070c200000|  0%| F|  |TAMS 0x000000070c000000, 0x000000070c000000| Untracked 
|  23|0x000000070c200000, 0x000000070c200000, 0x000000070c400000|  0%| F|  |TAMS 0x000000070c200000, 0x000000070c200000| Untracked 
|  24|0x000000070c400000, 0x000000070c400000, 0x000000070c600000|  0%| F|  |TAMS 0x000000070c400000, 0x000000070c400000| Untracked 
|  25|0x000000070c600000, 0x000000070c600000, 0x000000070c800000|  0%| F|  |TAMS 0x000000070c600000, 0x000000070c600000| Untracked 
|  26|0x000000070c800000, 0x000000070c800000, 0x000000070ca00000|  0%| F|  |TAMS 0x000000070c800000, 0x000000070c800000| Untracked 
|  27|0x000000070ca00000, 0x000000070ca00000, 0x000000070cc00000|  0%| F|  |TAMS 0x000000070ca00000, 0x000000070ca00000| Untracked 
|  28|0x000000070cc00000, 0x000000070cc00000, 0x000000070ce00000|  0%| F|  |TAMS 0x000000070cc00000, 0x000000070cc00000| Untracked 
|  29|0x000000070ce00000, 0x000000070ce00000, 0x000000070d000000|  0%| F|  |TAMS 0x000000070ce00000, 0x000000070ce00000| Untracked 
|  30|0x000000070d000000, 0x000000070d000000, 0x000000070d200000|  0%| F|  |TAMS 0x000000070d000000, 0x000000070d000000| Untracked 
|  31|0x000000070d200000, 0x000000070d200000, 0x000000070d400000|  0%| F|  |TAMS 0x000000070d200000, 0x000000070d200000| Untracked 
|  32|0x000000070d400000, 0x000000070d400000, 0x000000070d600000|  0%| F|  |TAMS 0x000000070d400000, 0x000000070d400000| Untracked 
|  33|0x000000070d600000, 0x000000070d600000, 0x000000070d800000|  0%| F|  |TAMS 0x000000070d600000, 0x000000070d600000| Untracked 
|  34|0x000000070d800000, 0x000000070d800000, 0x000000070da00000|  0%| F|  |TAMS 0x000000070d800000, 0x000000070d800000| Untracked 
|  35|0x000000070da00000, 0x000000070da00000, 0x000000070dc00000|  0%| F|  |TAMS 0x000000070da00000, 0x000000070da00000| Untracked 
|  36|0x000000070dc00000, 0x000000070dc00000, 0x000000070de00000|  0%| F|  |TAMS 0x000000070dc00000, 0x000000070dc00000| Untracked 
|  37|0x000000070de00000, 0x000000070de00000, 0x000000070e000000|  0%| F|  |TAMS 0x000000070de00000, 0x000000070de00000| Untracked 
|  38|0x000000070e000000, 0x000000070e000000, 0x000000070e200000|  0%| F|  |TAMS 0x000000070e000000, 0x000000070e000000| Untracked 
|  39|0x000000070e200000, 0x000000070e200000, 0x000000070e400000|  0%| F|  |TAMS 0x000000070e200000, 0x000000070e200000| Untracked 
|  40|0x000000070e400000, 0x000000070e400000, 0x000000070e600000|  0%| F|  |TAMS 0x000000070e400000, 0x000000070e400000| Untracked 
|  41|0x000000070e600000, 0x000000070e600000, 0x000000070e800000|  0%| F|  |TAMS 0x000000070e600000, 0x000000070e600000| Untracked 
|  42|0x000000070e800000, 0x000000070e800000, 0x000000070ea00000|  0%| F|  |TAMS 0x000000070e800000, 0x000000070e800000| Untracked 
|  43|0x000000070ea00000, 0x000000070ea00000, 0x000000070ec00000|  0%| F|  |TAMS 0x000000070ea00000, 0x000000070ea00000| Untracked 
|  44|0x000000070ec00000, 0x000000070ec00000, 0x000000070ee00000|  0%| F|  |TAMS 0x000000070ec00000, 0x000000070ec00000| Untracked 
|  45|0x000000070ee00000, 0x000000070ee00000, 0x000000070f000000|  0%| F|  |TAMS 0x000000070ee00000, 0x000000070ee00000| Untracked 
|  46|0x000000070f000000, 0x000000070f000000, 0x000000070f200000|  0%| F|  |TAMS 0x000000070f000000, 0x000000070f000000| Untracked 
|  47|0x000000070f200000, 0x000000070f200000, 0x000000070f400000|  0%| F|  |TAMS 0x000000070f200000, 0x000000070f200000| Untracked 
|  48|0x000000070f400000, 0x000000070f400000, 0x000000070f600000|  0%| F|  |TAMS 0x000000070f400000, 0x000000070f400000| Untracked 
|  49|0x000000070f600000, 0x000000070f600000, 0x000000070f800000|  0%| F|  |TAMS 0x000000070f600000, 0x000000070f600000| Untracked 
|  50|0x000000070f800000, 0x000000070f800000, 0x000000070fa00000|  0%| F|  |TAMS 0x000000070f800000, 0x000000070f800000| Untracked 
|  51|0x000000070fa00000, 0x000000070fa00000, 0x000000070fc00000|  0%| F|  |TAMS 0x000000070fa00000, 0x000000070fa00000| Untracked 
|  52|0x000000070fc00000, 0x000000070fc00000, 0x000000070fe00000|  0%| F|  |TAMS 0x000000070fc00000, 0x000000070fc00000| Untracked 
|  53|0x000000070fe00000, 0x000000070fe00000, 0x0000000710000000|  0%| F|  |TAMS 0x000000070fe00000, 0x000000070fe00000| Untracked 
|  54|0x0000000710000000, 0x0000000710000000, 0x0000000710200000|  0%| F|  |TAMS 0x0000000710000000, 0x0000000710000000| Untracked 
|  55|0x0000000710200000, 0x0000000710200000, 0x0000000710400000|  0%| F|  |TAMS 0x0000000710200000, 0x0000000710200000| Untracked 
|  56|0x0000000710400000, 0x0000000710400000, 0x0000000710600000|  0%| F|  |TAMS 0x0000000710400000, 0x0000000710400000| Untracked 
|  57|0x0000000710600000, 0x0000000710600000, 0x0000000710800000|  0%| F|  |TAMS 0x0000000710600000, 0x0000000710600000| Untracked 
|  58|0x0000000710800000, 0x0000000710800000, 0x0000000710a00000|  0%| F|  |TAMS 0x0000000710800000, 0x0000000710800000| Untracked 
|  59|0x0000000710a00000, 0x0000000710a00000, 0x0000000710c00000|  0%| F|  |TAMS 0x0000000710a00000, 0x0000000710a00000| Untracked 
|  60|0x0000000710c00000, 0x0000000710c00000, 0x0000000710e00000|  0%| F|  |TAMS 0x0000000710c00000, 0x0000000710c00000| Untracked 
|  61|0x0000000710e00000, 0x0000000710e00000, 0x0000000711000000|  0%| F|  |TAMS 0x0000000710e00000, 0x0000000710e00000| Untracked 
|  62|0x0000000711000000, 0x0000000711000000, 0x0000000711200000|  0%| F|  |TAMS 0x0000000711000000, 0x0000000711000000| Untracked 
|  63|0x0000000711200000, 0x0000000711200000, 0x0000000711400000|  0%| F|  |TAMS 0x0000000711200000, 0x0000000711200000| Untracked 
|  64|0x0000000711400000, 0x0000000711400000, 0x0000000711600000|  0%| F|  |TAMS 0x0000000711400000, 0x0000000711400000| Untracked 
|  65|0x0000000711600000, 0x0000000711600000, 0x0000000711800000|  0%| F|  |TAMS 0x0000000711600000, 0x0000000711600000| Untracked 
|  66|0x0000000711800000, 0x0000000711800000, 0x0000000711a00000|  0%| F|  |TAMS 0x0000000711800000, 0x0000000711800000| Untracked 
|  67|0x0000000711a00000, 0x0000000711a00000, 0x0000000711c00000|  0%| F|  |TAMS 0x0000000711a00000, 0x0000000711a00000| Untracked 
|  68|0x0000000711c00000, 0x0000000711c00000, 0x0000000711e00000|  0%| F|  |TAMS 0x0000000711c00000, 0x0000000711c00000| Untracked 
|  69|0x0000000711e00000, 0x0000000711e00000, 0x0000000712000000|  0%| F|  |TAMS 0x0000000711e00000, 0x0000000711e00000| Untracked 
|  70|0x0000000712000000, 0x0000000712000000, 0x0000000712200000|  0%| F|  |TAMS 0x0000000712000000, 0x0000000712000000| Untracked 
|  71|0x0000000712200000, 0x0000000712200000, 0x0000000712400000|  0%| F|  |TAMS 0x0000000712200000, 0x0000000712200000| Untracked 
|  72|0x0000000712400000, 0x0000000712400000, 0x0000000712600000|  0%| F|  |TAMS 0x0000000712400000, 0x0000000712400000| Untracked 
|  73|0x0000000712600000, 0x0000000712600000, 0x0000000712800000|  0%| F|  |TAMS 0x0000000712600000, 0x0000000712600000| Untracked 
|  74|0x0000000712800000, 0x0000000712800000, 0x0000000712a00000|  0%| F|  |TAMS 0x0000000712800000, 0x0000000712800000| Untracked 
|  75|0x0000000712a00000, 0x0000000712a00000, 0x0000000712c00000|  0%| F|  |TAMS 0x0000000712a00000, 0x0000000712a00000| Untracked 
|  76|0x0000000712c00000, 0x0000000712c00000, 0x0000000712e00000|  0%| F|  |TAMS 0x0000000712c00000, 0x0000000712c00000| Untracked 
|  77|0x0000000712e00000, 0x0000000712e00000, 0x0000000713000000|  0%| F|  |TAMS 0x0000000712e00000, 0x0000000712e00000| Untracked 
|  78|0x0000000713000000, 0x0000000713000000, 0x0000000713200000|  0%| F|  |TAMS 0x0000000713000000, 0x0000000713000000| Untracked 
|  79|0x0000000713200000, 0x0000000713200000, 0x0000000713400000|  0%| F|  |TAMS 0x0000000713200000, 0x0000000713200000| Untracked 
|  80|0x0000000713400000, 0x0000000713400000, 0x0000000713600000|  0%| F|  |TAMS 0x0000000713400000, 0x0000000713400000| Untracked 
|  81|0x0000000713600000, 0x0000000713600000, 0x0000000713800000|  0%| F|  |TAMS 0x0000000713600000, 0x0000000713600000| Untracked 
|  82|0x0000000713800000, 0x0000000713800000, 0x0000000713a00000|  0%| F|  |TAMS 0x0000000713800000, 0x0000000713800000| Untracked 
|  83|0x0000000713a00000, 0x0000000713a00000, 0x0000000713c00000|  0%| F|  |TAMS 0x0000000713a00000, 0x0000000713a00000| Untracked 
|  84|0x0000000713c00000, 0x0000000713c00000, 0x0000000713e00000|  0%| F|  |TAMS 0x0000000713c00000, 0x0000000713c00000| Untracked 
|  85|0x0000000713e00000, 0x0000000713e00000, 0x0000000714000000|  0%| F|  |TAMS 0x0000000713e00000, 0x0000000713e00000| Untracked 
|  86|0x0000000714000000, 0x0000000714000000, 0x0000000714200000|  0%| F|  |TAMS 0x0000000714000000, 0x0000000714000000| Untracked 
|  87|0x0000000714200000, 0x0000000714200000, 0x0000000714400000|  0%| F|  |TAMS 0x0000000714200000, 0x0000000714200000| Untracked 
|  88|0x0000000714400000, 0x0000000714400000, 0x0000000714600000|  0%| F|  |TAMS 0x0000000714400000, 0x0000000714400000| Untracked 
|  89|0x0000000714600000, 0x0000000714600000, 0x0000000714800000|  0%| F|  |TAMS 0x0000000714600000, 0x0000000714600000| Untracked 
|  90|0x0000000714800000, 0x0000000714800000, 0x0000000714a00000|  0%| F|  |TAMS 0x0000000714800000, 0x0000000714800000| Untracked 
|  91|0x0000000714a00000, 0x0000000714a00000, 0x0000000714c00000|  0%| F|  |TAMS 0x0000000714a00000, 0x0000000714a00000| Untracked 
|  92|0x0000000714c00000, 0x0000000714c00000, 0x0000000714e00000|  0%| F|  |TAMS 0x0000000714c00000, 0x0000000714c00000| Untracked 
|  93|0x0000000714e00000, 0x0000000714e00000, 0x0000000715000000|  0%| F|  |TAMS 0x0000000714e00000, 0x0000000714e00000| Untracked 
|  94|0x0000000715000000, 0x0000000715000000, 0x0000000715200000|  0%| F|  |TAMS 0x0000000715000000, 0x0000000715000000| Untracked 
|  95|0x0000000715200000, 0x0000000715200000, 0x0000000715400000|  0%| F|  |TAMS 0x0000000715200000, 0x0000000715200000| Untracked 
|  96|0x0000000715400000, 0x0000000715400000, 0x0000000715600000|  0%| F|  |TAMS 0x0000000715400000, 0x0000000715400000| Untracked 
|  97|0x0000000715600000, 0x0000000715600000, 0x0000000715800000|  0%| F|  |TAMS 0x0000000715600000, 0x0000000715600000| Untracked 
|  98|0x0000000715800000, 0x0000000715800000, 0x0000000715a00000|  0%| F|  |TAMS 0x0000000715800000, 0x0000000715800000| Untracked 
|  99|0x0000000715a00000, 0x0000000715a00000, 0x0000000715c00000|  0%| F|  |TAMS 0x0000000715a00000, 0x0000000715a00000| Untracked 
| 100|0x0000000715c00000, 0x0000000715c00000, 0x0000000715e00000|  0%| F|  |TAMS 0x0000000715c00000, 0x0000000715c00000| Untracked 
| 101|0x0000000715e00000, 0x0000000715e00000, 0x0000000716000000|  0%| F|  |TAMS 0x0000000715e00000, 0x0000000715e00000| Untracked 
| 102|0x0000000716000000, 0x0000000716000000, 0x0000000716200000|  0%| F|  |TAMS 0x0000000716000000, 0x0000000716000000| Untracked 
| 103|0x0000000716200000, 0x0000000716200000, 0x0000000716400000|  0%| F|  |TAMS 0x0000000716200000, 0x0000000716200000| Untracked 
| 104|0x0000000716400000, 0x0000000716400000, 0x0000000716600000|  0%| F|  |TAMS 0x0000000716400000, 0x0000000716400000| Untracked 
| 105|0x0000000716600000, 0x0000000716600000, 0x0000000716800000|  0%| F|  |TAMS 0x0000000716600000, 0x0000000716600000| Untracked 
| 106|0x0000000716800000, 0x0000000716800000, 0x0000000716a00000|  0%| F|  |TAMS 0x0000000716800000, 0x0000000716800000| Untracked 
| 107|0x0000000716a00000, 0x0000000716a00000, 0x0000000716c00000|  0%| F|  |TAMS 0x0000000716a00000, 0x0000000716a00000| Untracked 
| 108|0x0000000716c00000, 0x0000000716c00000, 0x0000000716e00000|  0%| F|  |TAMS 0x0000000716c00000, 0x0000000716c00000| Untracked 
| 109|0x0000000716e00000, 0x0000000716e00000, 0x0000000717000000|  0%| F|  |TAMS 0x0000000716e00000, 0x0000000716e00000| Untracked 
| 110|0x0000000717000000, 0x0000000717000000, 0x0000000717200000|  0%| F|  |TAMS 0x0000000717000000, 0x0000000717000000| Untracked 
| 111|0x0000000717200000, 0x0000000717309528, 0x0000000717400000| 51%| S|CS|TAMS 0x0000000717200000, 0x0000000717200000| Complete 
| 112|0x0000000717400000, 0x0000000717600000, 0x0000000717600000|100%| S|CS|TAMS 0x0000000717400000, 0x0000000717400000| Complete 
| 113|0x0000000717600000, 0x0000000717600000, 0x0000000717800000|  0%| F|  |TAMS 0x0000000717600000, 0x0000000717600000| Untracked 
| 114|0x0000000717800000, 0x0000000717800000, 0x0000000717a00000|  0%| F|  |TAMS 0x0000000717800000, 0x0000000717800000| Untracked 
| 115|0x0000000717a00000, 0x0000000717a00000, 0x0000000717c00000|  0%| F|  |TAMS 0x0000000717a00000, 0x0000000717a00000| Untracked 
| 116|0x0000000717c00000, 0x0000000717c00000, 0x0000000717e00000|  0%| F|  |TAMS 0x0000000717c00000, 0x0000000717c00000| Untracked 
| 117|0x0000000717e00000, 0x0000000717e00000, 0x0000000718000000|  0%| F|  |TAMS 0x0000000717e00000, 0x0000000717e00000| Untracked 
| 118|0x0000000718000000, 0x0000000718000000, 0x0000000718200000|  0%| F|  |TAMS 0x0000000718000000, 0x0000000718000000| Untracked 
| 119|0x0000000718200000, 0x0000000718200000, 0x0000000718400000|  0%| F|  |TAMS 0x0000000718200000, 0x0000000718200000| Untracked 
| 120|0x0000000718400000, 0x00000007185b76f8, 0x0000000718600000| 85%| E|  |TAMS 0x0000000718400000, 0x0000000718400000| Complete 
| 121|0x0000000718600000, 0x0000000718800000, 0x0000000718800000|100%| E|CS|TAMS 0x0000000718600000, 0x0000000718600000| Complete 
| 122|0x0000000718800000, 0x0000000718a00000, 0x0000000718a00000|100%| E|CS|TAMS 0x0000000718800000, 0x0000000718800000| Complete 
| 123|0x0000000718a00000, 0x0000000718c00000, 0x0000000718c00000|100%| E|CS|TAMS 0x0000000718a00000, 0x0000000718a00000| Complete 

Card table byte_map: [0x0000025d72e80000,0x0000025d73640000] _byte_map_base: 0x0000025d6f636000

Marking Bits (Prev, Next): (CMBitMap*) 0x0000025d6a693750, (CMBitMap*) 0x0000025d6a693790
 Prev Bits: [0x0000025d73e00000, 0x0000025d77bb0000)
 Next Bits: [0x0000025d77bb0000, 0x0000025d7b960000)

Polling page: 0x0000025d683f0000

Metaspace:

Usage:
  Non-class:      8.98 MB used.
      Class:    573.88 KB used.
       Both:      9.54 MB used.

Virtual space:
  Non-class space:       16.00 MB reserved,       9.12 MB ( 57%) committed,  2 nodes.
      Class space:        1.00 GB reserved,     704.00 KB ( <1%) committed,  1 nodes.
             Both:        1.02 GB reserved,       9.81 MB ( <1%) committed. 

Chunk freelists:
   Non-Class:  880.00 KB
       Class:  3.30 MB
        Both:  4.16 MB

MaxMetaspaceSize: unlimited
CompressedClassSpaceSize: 1.00 GB
Initial GC threshold: 21.00 MB
Current GC threshold: 21.00 MB
CDS: on
MetaspaceReclaimPolicy: balanced
 - commit_granule_bytes: 65536.
 - commit_granule_words: 8192.
 - virtual_space_node_default_size: 1048576.
 - enlarge_chunks_in_place: 1.
 - new_chunks_are_fully_committed: 0.
 - uncommit_free_chunks: 1.
 - use_allocation_guard: 0.
 - handle_deallocations: 1.


Internal statistics:

num_allocs_failed_limit: 0.
num_arena_births: 112.
num_arena_deaths: 0.
num_vsnodes_births: 3.
num_vsnodes_deaths: 0.
num_space_committed: 155.
num_space_uncommitted: 0.
num_chunks_returned_to_freelist: 0.
num_chunks_taken_from_freelist: 412.
num_chunk_merges: 0.
num_chunk_splits: 318.
num_chunks_enlarged: 252.
num_purges: 0.
num_inconsistent_stats: 0.

CodeHeap 'non-profiled nmethods': size=119168Kb used=563Kb max_used=563Kb free=118604Kb
 bounds [0x0000025d07ba0000, 0x0000025d07e10000, 0x0000025d0f000000]
CodeHeap 'profiled nmethods': size=119104Kb used=2780Kb max_used=2780Kb free=116323Kb
 bounds [0x0000025d00750000, 0x0000025d00a10000, 0x0000025d07ba0000]
CodeHeap 'non-nmethods': size=7488Kb used=2917Kb max_used=2954Kb free=4570Kb
 bounds [0x0000025d00000000, 0x0000025d002f0000, 0x0000025d00750000]
 total_blobs=2884 nmethods=1602 adapters=1193
 compilation: enabled
              stopped_count=0, restarted_count=0
 full_count=0

Compilation events (20 events):
Event: 3.406 Thread 0x0000025d7e9287e0 nmethod 1590 0x0000025d07c2a090 code [0x0000025d07c2a200, 0x0000025d07c2a2d8]
Event: 3.406 Thread 0x0000025d7e9287e0 1591       4       java.lang.String::<init> (15 bytes)
Event: 3.406 Thread 0x0000025d15314bb0 nmethod 1582 0x0000025d07c2a390 code [0x0000025d07c2a500, 0x0000025d07c2a698]
Event: 3.406 Thread 0x0000025d15314bb0 1577       4       java.lang.AbstractStringBuilder::isLatin1 (19 bytes)
Event: 3.406 Thread 0x0000025d7f530ce0 nmethod 1595 0x0000025d00a03690 code [0x0000025d00a038e0, 0x0000025d00a046c8]
Event: 3.406 Thread 0x0000025d7f52a3a0 1598       3       jdk.internal.reflect.UnsafeObjectFieldAccessorImpl::set (56 bytes)
Event: 3.407 Thread 0x0000025d7f530ce0 1599       3       com.google.gson.internal.LinkedTreeMap::get (19 bytes)
Event: 3.407 Thread 0x0000025d7e928fb0 1600   !   3       com.google.gson.internal.LinkedTreeMap::findByObject (18 bytes)
Event: 3.407 Thread 0x0000025d15314bb0 nmethod 1577 0x0000025d07c2a790 code [0x0000025d07c2a900, 0x0000025d07c2a998]
Event: 3.407 Thread 0x0000025d15314bb0 1596       4       com.google.gson.internal.bind.JsonTreeReader::peekStack (12 bytes)
Event: 3.407 Thread 0x0000025d7f530ce0 nmethod 1599 0x0000025d00a04910 code [0x0000025d00a04ac0, 0x0000025d00a04d68]
Event: 3.407 Thread 0x0000025d7e928fb0 nmethod 1600 0x0000025d00a04e90 code [0x0000025d00a05040, 0x0000025d00a05248]
Event: 3.407 Thread 0x0000025d7f530ce0 1602       3       com.google.gson.internal.LinkedTreeMap::rotateLeft (118 bytes)
Event: 3.408 Thread 0x0000025d7e9287e0 nmethod 1591 0x0000025d07c2aa90 code [0x0000025d07c2ac00, 0x0000025d07c2ad58]
Event: 3.408 Thread 0x0000025d7f530ce0 nmethod 1602 0x0000025d00a05310 code [0x0000025d00a05500, 0x0000025d00a05ae8]
Event: 3.408 Thread 0x0000025d7e9287e0 1601       4       java.lang.StringUTF16::compress (50 bytes)
Event: 3.408 Thread 0x0000025d7f52a3a0 nmethod 1598 0x0000025d00a05d10 code [0x0000025d00a05fa0, 0x0000025d00a06dd8]
Event: 3.408 Thread 0x0000025d15314bb0 nmethod 1596 0x0000025d07c2ae10 code [0x0000025d07c2af80, 0x0000025d07c2b038]
Event: 3.408 Thread 0x0000025d15314bb0 1597       4       com.google.gson.internal.bind.JsonTreeReader::peek (200 bytes)
Event: 3.415 Thread 0x0000025d7e9287e0 nmethod 1601 0x0000025d07c2b110 code [0x0000025d07c2b280, 0x0000025d07c2b5f8]

GC Heap History (2 events):
Event: 2.034 GC heap before
{Heap before GC invocations=0 (full 0):
 garbage-first heap   total 253952K, used 22528K [0x0000000709400000, 0x0000000800000000)
  region size 2048K, 11 young (22528K), 0 survivors (0K)
 Metaspace       used 7997K, committed 8192K, reserved 1064960K
  class space    used 508K, committed 640K, reserved 1048576K
}
Event: 2.038 GC heap after
{Heap after GC invocations=1 (full 0):
 garbage-first heap   total 253952K, used 3109K [0x0000000709400000, 0x0000000800000000)
  region size 2048K, 2 young (4096K), 2 survivors (4096K)
 Metaspace       used 7997K, committed 8192K, reserved 1064960K
  class space    used 508K, committed 640K, reserved 1048576K
}

Deoptimization events (20 events):
Event: 2.045 Thread 0x0000025d6a645b50 DEOPT PACKING pc=0x0000025d07bcf074 sp=0x0000006a724fd350
Event: 2.045 Thread 0x0000025d6a645b50 DEOPT UNPACKING pc=0x0000025d000523a3 sp=0x0000006a724fd330 mode 2
Event: 2.325 Thread 0x0000025d6a645b50 Uncommon trap: trap_request=0xffffff54 fr.pc=0x0000025d07bf72dc relative=0x000000000000005c
Event: 2.325 Thread 0x0000025d6a645b50 Uncommon trap: reason=speculate_null_assert action=make_not_entrant pc=0x0000025d07bf72dc method=sun.misc.Unsafe.getLong(Ljava/lang/Object;J)J @ 5 c2
Event: 2.325 Thread 0x0000025d6a645b50 DEOPT PACKING pc=0x0000025d07bf72dc sp=0x0000006a724fef20
Event: 2.325 Thread 0x0000025d6a645b50 DEOPT UNPACKING pc=0x0000025d000523a3 sp=0x0000006a724feea8 mode 2
Event: 3.374 Thread 0x0000025d6a645b50 DEOPT PACKING pc=0x0000025d00879d3b sp=0x0000006a724fa110
Event: 3.374 Thread 0x0000025d6a645b50 DEOPT UNPACKING pc=0x0000025d00052b43 sp=0x0000006a724f9570 mode 0
Event: 3.378 Thread 0x0000025d6a645b50 Uncommon trap: trap_request=0xffffff45 fr.pc=0x0000025d07c259ac relative=0x000000000000020c
Event: 3.378 Thread 0x0000025d6a645b50 Uncommon trap: reason=unstable_if action=reinterpret pc=0x0000025d07c259ac method=java.util.ArrayList.fastRemove([Ljava/lang/Object;I)V @ 19 c2
Event: 3.378 Thread 0x0000025d6a645b50 DEOPT PACKING pc=0x0000025d07c259ac sp=0x0000006a724fe2b0
Event: 3.378 Thread 0x0000025d6a645b50 DEOPT UNPACKING pc=0x0000025d000523a3 sp=0x0000006a724fe200 mode 2
Event: 3.400 Thread 0x0000025d6a645b50 DEOPT PACKING pc=0x0000025d007833bf sp=0x0000006a724fed40
Event: 3.400 Thread 0x0000025d6a645b50 DEOPT UNPACKING pc=0x0000025d00052b43 sp=0x0000006a724fe1f0 mode 0
Event: 3.400 Thread 0x0000025d6a645b50 Uncommon trap: trap_request=0xffffff45 fr.pc=0x0000025d07bd3d8c relative=0x000000000000024c
Event: 3.400 Thread 0x0000025d6a645b50 Uncommon trap: reason=unstable_if action=reinterpret pc=0x0000025d07bd3d8c method=java.util.HashMap.getNode(Ljava/lang/Object;)Ljava/util/HashMap$Node; @ 66 c2
Event: 3.400 Thread 0x0000025d6a645b50 DEOPT PACKING pc=0x0000025d07bd3d8c sp=0x0000006a724fe9e0
Event: 3.400 Thread 0x0000025d6a645b50 DEOPT UNPACKING pc=0x0000025d000523a3 sp=0x0000006a724fe960 mode 2
Event: 3.403 Thread 0x0000025d6a645b50 DEOPT PACKING pc=0x0000025d00949ffe sp=0x0000006a724fe4a0
Event: 3.403 Thread 0x0000025d6a645b50 DEOPT UNPACKING pc=0x0000025d00052b43 sp=0x0000006a724fd910 mode 0

Classes unloaded (0 events):
No events

Classes redefined (0 events):
No events

Internal exceptions (20 events):
Event: 0.242 Thread 0x0000025d6a645b50 Exception <a 'java/lang/NoSuchMethodError'{0x00000007186c1078}: 'void java.lang.invoke.DirectMethodHandle$Holder.invokeSpecial(java.lang.Object, java.lang.Object, java.lang.Object)'> (0x00000007186c1078) 
thrown [t:\workspace\open\src\hotspot\share\interpreter\linkResolver.cpp, line 766]
Event: 0.247 Thread 0x0000025d6a645b50 Exception <a 'java/lang/NoSuchMethodError'{0x00000007186d2da8}: 'java.lang.Object java.lang.invoke.DirectMethodHandle$Holder.invokeStatic(java.lang.Object, java.lang.Object, int)'> (0x00000007186d2da8) 
thrown [t:\workspace\open\src\hotspot\share\interpreter\linkResolver.cpp, line 766]
Event: 0.249 Thread 0x0000025d6a645b50 Exception <a 'java/lang/NoSuchMethodError'{0x00000007186dea98}: 'void java.lang.invoke.DelegatingMethodHandle$Holder.delegate(java.lang.Object, java.lang.Object, int, java.lang.Object)'> (0x00000007186dea98) 
thrown [t:\workspace\open\src\hotspot\share\interpreter\linkResolver.cpp, line 766]
Event: 0.250 Thread 0x0000025d6a645b50 Exception <a 'java/lang/NoSuchMethodError'{0x00000007186e2f18}: 'int java.lang.invoke.DirectMethodHandle$Holder.invokeSpecial(java.lang.Object, java.lang.Object, java.lang.Object)'> (0x00000007186e2f18) 
thrown [t:\workspace\open\src\hotspot\share\interpreter\linkResolver.cpp, line 766]
Event: 0.296 Thread 0x0000025d6a645b50 Exception <a 'sun/nio/fs/WindowsException'{0x000000071873f6a0}> (0x000000071873f6a0) 
thrown [t:\workspace\open\src\hotspot\share\prims\jni.cpp, line 516]
Event: 0.296 Thread 0x0000025d6a645b50 Exception <a 'sun/nio/fs/WindowsException'{0x000000071873fbf8}> (0x000000071873fbf8) 
thrown [t:\workspace\open\src\hotspot\share\prims\jni.cpp, line 516]
Event: 0.340 Thread 0x0000025d6a645b50 Exception <a 'sun/nio/fs/WindowsException'{0x0000000718421258}> (0x0000000718421258) 
thrown [t:\workspace\open\src\hotspot\share\prims\jni.cpp, line 516]
Event: 0.340 Thread 0x0000025d6a645b50 Exception <a 'sun/nio/fs/WindowsException'{0x00000007184215c8}> (0x00000007184215c8) 
thrown [t:\workspace\open\src\hotspot\share\prims\jni.cpp, line 516]
Event: 1.281 Thread 0x0000025d6a645b50 Exception <a 'java/lang/NoSuchMethodError'{0x0000000718489a30}: 'void java.lang.invoke.DirectMethodHandle$Holder.invokeStaticInit(java.lang.Object, long, double, double)'> (0x0000000718489a30) 
thrown [t:\workspace\open\src\hotspot\share\interpreter\linkResolver.cpp, line 766]
Event: 1.285 Thread 0x0000025d6a645b50 Exception <a 'java/lang/NoSuchMethodError'{0x0000000718499438}: 'void java.lang.invoke.DirectMethodHandle$Holder.invokeStaticInit(java.lang.Object, long, int, int, int)'> (0x0000000718499438) 
thrown [t:\workspace\open\src\hotspot\share\interpreter\linkResolver.cpp, line 766]
Event: 1.290 Thread 0x0000025d6a645b50 Exception <a 'java/lang/NoSuchMethodError'{0x00000007184b2b50}: 'void java.lang.invoke.DirectMethodHandle$Holder.invokeStaticInit(java.lang.Object, long, int, int, int, int)'> (0x00000007184b2b50) 
thrown [t:\workspace\open\src\hotspot\share\interpreter\linkResolver.cpp, line 766]
Event: 1.293 Thread 0x0000025d6a645b50 Exception <a 'java/lang/NoSuchMethodError'{0x00000007184beda0}: 'void java.lang.invoke.DirectMethodHandle$Holder.invokeStatic(java.lang.Object, long, int, int)'> (0x00000007184beda0) 
thrown [t:\workspace\open\src\hotspot\share\interpreter\linkResolver.cpp, line 766]
Event: 1.335 Thread 0x0000025d6a645b50 Exception <a 'sun/nio/fs/WindowsException'{0x00000007184f9b60}> (0x00000007184f9b60) 
thrown [t:\workspace\open\src\hotspot\share\prims\jni.cpp, line 516]
Event: 1.335 Thread 0x0000025d6a645b50 Exception <a 'sun/nio/fs/WindowsException'{0x00000007184f9f10}> (0x00000007184f9f10) 
thrown [t:\workspace\open\src\hotspot\share\prims\jni.cpp, line 516]
Event: 1.339 Thread 0x0000025d6a645b50 Exception <a 'sun/nio/fs/WindowsException'{0x0000000718502560}> (0x0000000718502560) 
thrown [t:\workspace\open\src\hotspot\share\prims\jni.cpp, line 516]
Event: 1.339 Thread 0x0000025d6a645b50 Exception <a 'sun/nio/fs/WindowsException'{0x0000000718502848}> (0x0000000718502848) 
thrown [t:\workspace\open\src\hotspot\share\prims\jni.cpp, line 516]
Event: 1.703 Thread 0x0000025d6a645b50 Exception <a 'sun/nio/fs/WindowsException'{0x0000000717a70560}> (0x0000000717a70560) 
thrown [t:\workspace\open\src\hotspot\share\prims\jni.cpp, line 516]
Event: 1.784 Thread 0x0000025d6a645b50 Exception <a 'java/lang/NoSuchMethodError'{0x0000000717b253c8}: 'void java.lang.invoke.DirectMethodHandle$Holder.invokeVirtual(java.lang.Object, java.lang.Object, long, int)'> (0x0000000717b253c8) 
thrown [t:\workspace\open\src\hotspot\share\interpreter\linkResolver.cpp, line 766]
Event: 1.992 Thread 0x0000025d6a645b50 Exception <a 'sun/nio/fs/WindowsException'{0x00000007176e2198}> (0x00000007176e2198) 
thrown [t:\workspace\open\src\hotspot\share\prims\jni.cpp, line 516]
Event: 1.992 Thread 0x0000025d6a645b50 Exception <a 'sun/nio/fs/WindowsException'{0x00000007176e2520}> (0x00000007176e2520) 
thrown [t:\workspace\open\src\hotspot\share\prims\jni.cpp, line 516]

VM Operations (16 events):
Event: 0.122 Executing VM operation: HandshakeAllThreads
Event: 0.122 Executing VM operation: HandshakeAllThreads done
Event: 1.136 Executing VM operation: Cleanup
Event: 1.136 Executing VM operation: Cleanup done
Event: 1.351 Executing VM operation: HandshakeAllThreads
Event: 1.351 Executing VM operation: HandshakeAllThreads done
Event: 1.825 Executing VM operation: HandshakeAllThreads
Event: 1.825 Executing VM operation: HandshakeAllThreads done
Event: 1.922 Executing VM operation: HandshakeAllThreads
Event: 1.922 Executing VM operation: HandshakeAllThreads done
Event: 1.926 Executing VM operation: HandshakeAllThreads
Event: 1.926 Executing VM operation: HandshakeAllThreads done
Event: 2.033 Executing VM operation: G1CollectForAllocation
Event: 2.039 Executing VM operation: G1CollectForAllocation done
Event: 3.052 Executing VM operation: Cleanup
Event: 3.052 Executing VM operation: Cleanup done

Events (20 events):
Event: 2.326 Thread 0x0000025d14e50980 Thread exited: 0x0000025d14e50980
Event: 2.941 Thread 0x0000025d153169c0 Thread added: 0x0000025d153169c0
Event: 2.941 Thread 0x0000025d1538bd80 Thread added: 0x0000025d1538bd80
Event: 3.075 Thread 0x0000025d1538bd80 Thread exited: 0x0000025d1538bd80
Event: 3.075 Thread 0x0000025d153169c0 Thread exited: 0x0000025d153169c0
Event: 3.369 loading class java/io/FileWriter
Event: 3.369 loading class java/io/FileWriter done
Event: 3.374 loading class sun/reflect/generics/repository/FieldRepository
Event: 3.375 loading class sun/reflect/generics/repository/FieldRepository done
Event: 3.376 loading class java/util/LinkedHashMap$LinkedValues
Event: 3.376 loading class java/util/LinkedHashMap$LinkedValues done
Event: 3.376 loading class java/util/LinkedHashMap$LinkedValueIterator
Event: 3.376 loading class java/util/LinkedHashMap$LinkedValueIterator done
Event: 3.378 loading class jdk/internal/math/FDBigInteger
Event: 3.378 loading class jdk/internal/math/FDBigInteger done
Event: 3.380 loading class jdk/internal/reflect/UnsafeBooleanFieldAccessorImpl
Event: 3.380 loading class jdk/internal/reflect/UnsafeBooleanFieldAccessorImpl done
Event: 3.397 loading class java/io/FileOutputStream$1
Event: 3.397 loading class java/io/FileOutputStream$1 done
Event: 3.401 Thread 0x0000025d15314bb0 Thread added: 0x0000025d15314bb0


Dynamic libraries:
0x00007ff709f00000 - 0x00007ff709f0e000 	C:\Users\nikit\.jdks\openjdk-17\bin\java.exe
0x00007ffa13440000 - 0x00007ffa13647000 	C:\WINDOWS\SYSTEM32\ntdll.dll
0x00007ffa115b0000 - 0x00007ffa1166d000 	C:\WINDOWS\System32\KERNEL32.DLL
0x00007ffa10e10000 - 0x00007ffa11184000 	C:\WINDOWS\System32\KERNELBASE.dll
0x00007ffa10920000 - 0x00007ffa10a31000 	C:\WINDOWS\System32\ucrtbase.dll
0x00007ffa05ce0000 - 0x00007ffa05cfa000 	C:\Users\nikit\.jdks\openjdk-17\bin\VCRUNTIME140.dll
0x00007ffa05cc0000 - 0x00007ffa05cd8000 	C:\Users\nikit\.jdks\openjdk-17\bin\jli.dll
0x00007ffa12c40000 - 0x00007ffa12dec000 	C:\WINDOWS\System32\USER32.dll
0x00007ffa10de0000 - 0x00007ffa10e06000 	C:\WINDOWS\System32\win32u.dll
0x00007ff9eda60000 - 0x00007ff9edd05000 	C:\WINDOWS\WinSxS\amd64_microsoft.windows.common-controls_6595b64144ccf1df_6.0.22000.120_none_9d947278b86cc467\COMCTL32.dll
0x00007ffa112d0000 - 0x00007ffa112f9000 	C:\WINDOWS\System32\GDI32.dll
0x00007ffa10c20000 - 0x00007ffa10d32000 	C:\WINDOWS\System32\gdi32full.dll
0x00007ffa11390000 - 0x00007ffa11433000 	C:\WINDOWS\System32\msvcrt.dll
0x00007ffa10d40000 - 0x00007ffa10ddd000 	C:\WINDOWS\System32\msvcp_win.dll
0x00007ffa133c0000 - 0x00007ffa133f1000 	C:\WINDOWS\System32\IMM32.DLL
0x00007ffa09df0000 - 0x00007ffa09dfc000 	C:\Users\nikit\.jdks\openjdk-17\bin\vcruntime140_1.dll
0x00007ffa059c0000 - 0x00007ffa05a4d000 	C:\Users\nikit\.jdks\openjdk-17\bin\msvcp140.dll
0x00007ff987870000 - 0x00007ff98842e000 	C:\Users\nikit\.jdks\openjdk-17\bin\server\jvm.dll
0x00007ffa12110000 - 0x00007ffa121bc000 	C:\WINDOWS\System32\ADVAPI32.dll
0x00007ffa13120000 - 0x00007ffa131bd000 	C:\WINDOWS\System32\sechost.dll
0x00007ffa12ff0000 - 0x00007ffa13111000 	C:\WINDOWS\System32\RPCRT4.dll
0x00007ffa11ae0000 - 0x00007ffa11ae8000 	C:\WINDOWS\System32\PSAPI.DLL
0x00007ffa07b60000 - 0x00007ffa07b6a000 	C:\WINDOWS\SYSTEM32\VERSION.dll
0x00007ffa002e0000 - 0x00007ffa002e9000 	C:\WINDOWS\SYSTEM32\WSOCK32.dll
0x00007ffa0aad0000 - 0x00007ffa0ab03000 	C:\WINDOWS\SYSTEM32\WINMM.dll
0x00007ffa11440000 - 0x00007ffa114af000 	C:\WINDOWS\System32\WS2_32.dll
0x00007ffa0fa40000 - 0x00007ffa0fa58000 	C:\WINDOWS\SYSTEM32\kernel.appcore.dll
0x00007ffa05cb0000 - 0x00007ffa05cba000 	C:\Users\nikit\.jdks\openjdk-17\bin\jimage.dll
0x00007ffa01f50000 - 0x00007ffa02171000 	C:\WINDOWS\SYSTEM32\DBGHELP.DLL
0x00007ffa04170000 - 0x00007ffa041a1000 	C:\WINDOWS\SYSTEM32\dbgcore.DLL
0x00007ffa11190000 - 0x00007ffa11210000 	C:\WINDOWS\System32\bcryptPrimitives.dll
0x00007ffa05c80000 - 0x00007ffa05ca5000 	C:\Users\nikit\.jdks\openjdk-17\bin\java.dll
0x00007ffa058e0000 - 0x00007ffa059b6000 	C:\Users\nikit\.jdks\openjdk-17\bin\svml.dll
0x00007ffa12490000 - 0x00007ffa12c3a000 	C:\WINDOWS\System32\SHELL32.dll
0x00007ffa0eac0000 - 0x00007ffa0f322000 	C:\WINDOWS\SYSTEM32\windows.storage.dll
0x00007ffa11cd0000 - 0x00007ffa12048000 	C:\WINDOWS\System32\combase.dll
0x00007ffa0e950000 - 0x00007ffa0eab6000 	C:\WINDOWS\SYSTEM32\wintypes.dll
0x00007ffa11af0000 - 0x00007ffa11bda000 	C:\WINDOWS\System32\SHCORE.dll
0x00007ffa120b0000 - 0x00007ffa1210d000 	C:\WINDOWS\System32\shlwapi.dll
0x00007ffa10850000 - 0x00007ffa10871000 	C:\WINDOWS\SYSTEM32\profapi.dll
0x00007ffa05c60000 - 0x00007ffa05c79000 	C:\Users\nikit\.jdks\openjdk-17\bin\net.dll
0x00007ffa0b1c0000 - 0x00007ffa0b2cc000 	C:\WINDOWS\SYSTEM32\WINHTTP.dll
0x00007ffa0fe50000 - 0x00007ffa0feb7000 	C:\WINDOWS\system32\mswsock.dll
0x00007ffa05c40000 - 0x00007ffa05c55000 	C:\Users\nikit\.jdks\openjdk-17\bin\nio.dll
0x00007ffa05b90000 - 0x00007ffa05ba8000 	C:\Users\nikit\.jdks\openjdk-17\bin\zip.dll
0x00007ff9ffd90000 - 0x00007ff9ffdf4000 	C:\Users\nikit\AppData\Local\Temp\lwjglnikit\3.2.3-build-13\lwjgl.dll
0x00007ff9fda60000 - 0x00007ff9fdac2000 	C:\Users\nikit\AppData\Local\Temp\lwjglnikit\3.2.3-build-13\glfw.dll
0x00007ffa0e020000 - 0x00007ffa0e0cc000 	C:\WINDOWS\system32\uxtheme.dll
0x00007ffa05b40000 - 0x00007ffa05b85000 	C:\WINDOWS\SYSTEM32\dinput8.dll
0x00007ffa058c0000 - 0x00007ffa058d1000 	C:\WINDOWS\SYSTEM32\xinput1_4.dll
0x00007ffa105a0000 - 0x00007ffa105ec000 	C:\WINDOWS\SYSTEM32\cfgmgr32.dll
0x00007ffa10570000 - 0x00007ffa1059c000 	C:\WINDOWS\SYSTEM32\DEVOBJ.dll
0x00007ffa0e440000 - 0x00007ffa0e46f000 	C:\WINDOWS\SYSTEM32\dwmapi.dll
0x00007ff9f8de0000 - 0x00007ff9f8fa9000 	C:\WINDOWS\SYSTEM32\inputhost.dll
0x00007ffa0da30000 - 0x00007ffa0db62000 	C:\WINDOWS\SYSTEM32\CoreMessaging.dll
0x00007ffa10100000 - 0x00007ffa1010c000 	C:\WINDOWS\SYSTEM32\CRYPTBASE.DLL
0x00007ffa12ed0000 - 0x00007ffa12fee000 	C:\WINDOWS\System32\MSCTF.dll
0x00007ffa0f330000 - 0x00007ffa0f33e000 	C:\WINDOWS\SYSTEM32\HID.DLL
0x00007ffa11670000 - 0x00007ffa11adb000 	C:\WINDOWS\System32\SETUPAPI.DLL
0x00007ffa10bb0000 - 0x00007ffa10c16000 	C:\WINDOWS\System32\WINTRUST.dll
0x00007ffa10a40000 - 0x00007ffa10ba2000 	C:\WINDOWS\System32\CRYPT32.dll
0x00007ffa10160000 - 0x00007ffa10172000 	C:\WINDOWS\SYSTEM32\MSASN1.dll
0x00007ff9cd830000 - 0x00007ff9cd931000 	C:\WINDOWS\SYSTEM32\opengl32.dll
0x00007ff9d8480000 - 0x00007ff9d84ad000 	C:\WINDOWS\SYSTEM32\GLU32.dll
0x00007ffa0e180000 - 0x00007ffa0e1b8000 	C:\WINDOWS\SYSTEM32\dxcore.dll
0x00007ffa0a800000 - 0x00007ffa0a844000 	C:\WINDOWS\SYSTEM32\directxdatabasehelper.dll
0x00007ffa0e300000 - 0x00007ffa0e334000 	C:\WINDOWS\SYSTEM32\ntmarta.dll
0x00007ffa12200000 - 0x00007ffa122af000 	C:\WINDOWS\System32\clbcatq.dll
0x00007ff982eb0000 - 0x00007ff985e6f000 	C:\WINDOWS\System32\DriverStore\FileRepository\nvami.inf_amd64_1aa8ffdaa5d9d51f\nvoglv64.dll
0x00007ffa13220000 - 0x00007ffa133ba000 	C:\WINDOWS\System32\ole32.dll
0x00007ffa12df0000 - 0x00007ffa12ec6000 	C:\WINDOWS\System32\OLEAUT32.dll
0x00007ffa0c2d0000 - 0x00007ffa0c2e4000 	C:\WINDOWS\SYSTEM32\WTSAPI32.dll
0x00007ffa07440000 - 0x00007ffa07471000 	C:\WINDOWS\SYSTEM32\cryptnet.dll
0x00007ffa041b0000 - 0x00007ffa042f9000 	C:\WINDOWS\SYSTEM32\drvstore.dll
0x00007ffa101d0000 - 0x00007ffa1020d000 	C:\WINDOWS\SYSTEM32\wldp.dll
0x00007ff9d5d10000 - 0x00007ff9d5fd5000 	C:\WINDOWS\system32\nvspcap64.dll
0x00007ffa107f0000 - 0x00007ffa1083d000 	C:\WINDOWS\SYSTEM32\powrprof.dll
0x00007ffa107d0000 - 0x00007ffa107e3000 	C:\WINDOWS\SYSTEM32\UMPDC.dll
0x00007ffa0ff10000 - 0x00007ffa0ff73000 	C:\WINDOWS\SYSTEM32\WINSTA.dll
0x00007ffa0e1e0000 - 0x00007ffa0e2d3000 	C:\WINDOWS\system32\dxgi.dll
0x00007ffa08ae0000 - 0x00007ffa08d60000 	C:\WINDOWS\system32\d3d11.dll
0x00007ff9ddd40000 - 0x00007ff9dde46000 	C:\WINDOWS\System32\DriverStore\FileRepository\nvami.inf_amd64_1aa8ffdaa5d9d51f\nvldumdx.dll
0x00007ffa122b0000 - 0x00007ffa122cf000 	C:\WINDOWS\System32\imagehlp.dll
0x00007ffa10110000 - 0x00007ffa10128000 	C:\WINDOWS\SYSTEM32\CRYPTSP.dll
0x00007ffa0f9a0000 - 0x00007ffa0f9d5000 	C:\WINDOWS\system32\rsaenh.dll
0x00007ffa10280000 - 0x00007ffa102a7000 	C:\WINDOWS\SYSTEM32\bcrypt.dll
0x00007ff9b2530000 - 0x00007ff9b4e5b000 	C:\WINDOWS\System32\DriverStore\FileRepository\nvami.inf_amd64_1aa8ffdaa5d9d51f\nvwgf2umx.dll
0x00007ff9ff060000 - 0x00007ff9ff7c1000 	C:\WINDOWS\SYSTEM32\nvapi64.dll
0x00007ff9f9660000 - 0x00007ff9f978d000 	C:\WINDOWS\SYSTEM32\textinputframework.dll
0x00007ffa09580000 - 0x00007ffa098ed000 	C:\WINDOWS\SYSTEM32\CoreUIComponents.dll
0x00007ff9fda00000 - 0x00007ff9fda59000 	C:\Users\nikit\AppData\Local\Temp\lwjglnikit\3.2.3-build-13\lwjgl_opengl.dll
0x0000000064a00000 - 0x0000000064d10000 	C:\Users\nikit\AppData\Local\Temp\imgui-java-natives_1639538514552\imgui-java64.dll
0x00007ffa09d90000 - 0x00007ffa09da0000 	C:\Users\nikit\.jdks\openjdk-17\bin\verify.dll
0x00007ff9fd980000 - 0x00007ff9fd9f7000 	C:\Users\nikit\AppData\Local\Temp\lwjglnikit\3.2.3-build-13\lwjgl_stb.dll
0x00007ffa03a80000 - 0x00007ffa03c5b000 	C:\Windows\System32\DriverStore\FileRepository\u0367465.inf_amd64_f448bc468601f23f\B367478\aticfx64.dll
0x00007ffa04de0000 - 0x00007ffa04e18000 	C:\Windows\System32\DriverStore\FileRepository\u0367465.inf_amd64_f448bc468601f23f\B367478\atiuxp64.dll
0x00007ffa02180000 - 0x00007ffa03a80000 	C:\Windows\System32\DriverStore\FileRepository\u0367465.inf_amd64_f448bc468601f23f\B367478\atidxx64.dll
0x00007ffa0def0000 - 0x00007ffa0df81000 	C:\WINDOWS\SYSTEM32\apphelp.dll
0x00007ffa06770000 - 0x00007ffa0679f000 	C:\WINDOWS\SYSTEM32\amdihk64.dll

dbghelp: loaded successfully - version: 4.0.5 - missing functions: none
symbol engine: initialized successfully - sym options: 0x614 - pdb path: .;C:\Users\nikit\.jdks\openjdk-17\bin;C:\WINDOWS\SYSTEM32;C:\WINDOWS\WinSxS\amd64_microsoft.windows.common-controls_6595b64144ccf1df_6.0.22000.120_none_9d947278b86cc467;C:\Users\nikit\.jdks\openjdk-17\bin\server;C:\Users\nikit\AppData\Local\Temp\lwjglnikit\3.2.3-build-13;C:\WINDOWS\System32\DriverStore\FileRepository\nvami.inf_amd64_1aa8ffdaa5d9d51f;C:\Users\nikit\AppData\Local\Temp\imgui-java-natives_1639538514552;C:\Windows\System32\DriverStore\FileRepository\u0367465.inf_amd64_f448bc468601f23f\B367478

VM Arguments:
jvm_args: -Dfile.encoding=windows-1251 -Duser.country=US -Duser.language=en -Duser.variant 
java_command: Main
java_class_path (initial): C:\Users\nikit\IdeaProjects\Tower_Defence\build\classes\java\main;C:\Users\nikit\IdeaProjects\Tower_Defence\build\resources\main;C:\Users\nikit\.gradle\caches\modules-2\files-2.1\com.google.code.gson\gson\2.8.9\8a432c1d6825781e21a02db2e2c33c5fde2833b9\gson-2.8.9.jar;C:\Users\nikit\.gradle\caches\modules-2\files-2.1\io.github.spair\imgui-java-app\1.81.0\37a0be053a63da53c3628b3d6186ccbd380f7106\imgui-java-app-1.81.0.jar;C:\Users\nikit\.gradle\caches\modules-2\files-2.1\io.github.spair\imgui-java-lwjgl3\1.81.0\6c92680fc6e9951532445ecc35b44f2d4cd82d76\imgui-java-lwjgl3-1.81.0.jar;C:\Users\nikit\.gradle\caches\modules-2\files-2.1\org.lwjgl\lwjgl-assimp\3.2.3\f62aa07a20afbdd3097efc296c4841e0d29700eb\lwjgl-assimp-3.2.3.jar;C:\Users\nikit\.gradle\caches\modules-2\files-2.1\org.lwjgl\lwjgl-assimp\3.2.3\4e60aeb75f0343c4a9ede4ef8b6b32ca702a00a3\lwjgl-assimp-3.2.3-natives-windows.jar;C:\Users\nikit\.gradle\caches\modules-2\files-2.1\org.lwjgl\lwjgl-glfw\3.2.3\5e520d5c290c8b012545a8d34fa5db5ab051ea53\lwjgl-glfw-3.2.3.jar;C:\Users\nikit\.gradle\caches\modules-2\files-2.1\org.lwjgl\lwjgl-glfw\3.2.3\b4d8a3477cdc2edcf7a5f1e822926be846223f54\lwjgl-glfw-3.2.3-natives-windows.jar;C:\Users\nikit\.gradle\caches\modules-2\files-2.1\org.lwjgl\lwjgl-glfw\3.2.3\62b044d9b0a057444bef2ab70b9afc288ec09dba\lwjgl-glfw-3.2.3-natives-linux.jar;C:\Users\nikit\.gradle\caches\modules-2\files-2.1\org.lwjgl\lwjgl-glfw\3.2.3\58661272eacb9116336c88b4aadccf1f17c09b\lwjgl-glfw-3.2.3-natives-macos.jar;C:\Users\nikit\.gradle\caches\modules-2\files-2.1\org.lwjgl\lwjgl-nfd\3.2.3\c44fee1043c022cf6614a28872d44cf114ca7737\lwjgl-nfd-3.2.3.jar;C:\Users\nikit\.gradle\caches\modules-2\files-2.1\org.lwjgl\lwjgl-nfd\3.2.3\32782f5f5c57769efb82af864e70b819c77bc891\lwjgl-nfd-3.2.3-natives-windows.jar;C:\Users\nikit\.gradle\caches\modules-2\files-2.1\org.lwjgl\lwjgl-openal\3.2.3\106742e805803ab9eab8e343f0fb31a3d263903c\lwjgl-openal-3.2.3.jar;C:\Users\nikit\.gradle\caches\modules-2\files-2.1\org.l
Launcher Type: SUN_STANDARD

[Global flags]
     intx CICompilerCount                          = 12                                        {product} {ergonomic}
     uint ConcGCThreads                            = 3                                         {product} {ergonomic}
     uint G1ConcRefinementThreads                  = 13                                        {product} {ergonomic}
   size_t G1HeapRegionSize                         = 2097152                                   {product} {ergonomic}
    uintx GCDrainStackTargetSize                   = 64                                        {product} {ergonomic}
   size_t InitialHeapSize                          = 260046848                                 {product} {ergonomic}
   size_t MarkStackSize                            = 4194304                                   {product} {ergonomic}
   size_t MaxHeapSize                              = 4139778048                                {product} {ergonomic}
   size_t MaxNewSize                               = 2483027968                                {product} {ergonomic}
   size_t MinHeapDeltaBytes                        = 2097152                                   {product} {ergonomic}
   size_t MinHeapSize                              = 8388608                                   {product} {ergonomic}
    uintx NonNMethodCodeHeapSize                   = 7602480                                {pd product} {ergonomic}
    uintx NonProfiledCodeHeapSize                  = 122027880                              {pd product} {ergonomic}
    uintx ProfiledCodeHeapSize                     = 122027880                              {pd product} {ergonomic}
    uintx ReservedCodeCacheSize                    = 251658240                              {pd product} {ergonomic}
     bool SegmentedCodeCache                       = true                                      {product} {ergonomic}
   size_t SoftMaxHeapSize                          = 4139778048                             {manageable} {ergonomic}
     bool UseCompressedClassPointers               = true                           {product lp64_product} {ergonomic}
     bool UseCompressedOops                        = true                           {product lp64_product} {ergonomic}
     bool UseG1GC                                  = true                                      {product} {ergonomic}
     bool UseLargePagesIndividualAllocation        = false                                  {pd product} {ergonomic}

Logging:
Log output configuration:
 #0: stdout all=warning uptime,level,tags
 #1: stderr all=off uptime,level,tags

Environment Variables:
JAVA_HOME=C:\Program Files\Java\jdk-17
PATH=C:\Program Files (x86)\Common Files\Oracle\Java\javapath;C:\Program Files\OpenJDK\jdk-8.0.262.10-hotspot\bin;C:\ProgramData\Oracle\Java\javapath;C:\Windows\system32;C:\Windows;C:\Windows\System32\Wbem;C:\Windows\System32\WindowsPowerShell\v1.0\;C:\Windows\System32\OpenSSH\;C:\Program Files\NVIDIA Corporation\NVIDIA NvDLISR;C:\Program Files (x86)\NVIDIA Corporation\PhysX\Common;C:\Program Files\Java\jdk-17\bin;C:\WINDOWS\system32;C:\WINDOWS;C:\WINDOWS\System32\Wbem;C:\WINDOWS\System32\WindowsPowerShell\v1.0\;C:\WINDOWS\System32\OpenSSH\;C:\Program Files\Git\cmd;C:\Users\nikit\AppData\Local\Microsoft\WindowsApps;C:\Users\nikit\AppData\Local\GitHubDesktop\bin;
USERNAME=nikit
OS=Windows_NT
PROCESSOR_IDENTIFIER=AMD64 Family 23 Model 96 Stepping 1, AuthenticAMD



---------------  S Y S T E M  ---------------

OS:
 Windows 10 , 64 bit Build 22000 (10.0.22000.318)
OS uptime: 3 days 13:31 hours

CPU: total 16 (initial active 16) (16 cores per cpu, 2 threads per core) family 23 model 96 stepping 1 microcode 0x0, cx8, cmov, fxsr, ht, mmx, 3dnowpref, sse, sse2, sse3, ssse3, sse4a, sse4.1, sse4.2, popcnt, lzcnt, tsc, tscinvbit, avx, avx2, aes, clmul, bmi1, bmi2, adx, sha, fma, vzeroupper, clflush, clflushopt

Memory: 4k page, system-wide physical 15791M (8615M free)
TotalPageFile size 20655M (AvailPageFile size 11649M)
current process WorkingSet (physical memory assigned to process): 180M, peak: 180M
current process commit charge ("private bytes"): 583M, peak: 583M

vm_info: OpenJDK 64-Bit Server VM (17+35-2724) for windows-amd64 JRE (17+35-2724), built on Aug  5 2021 23:26:02 by "mach5one" with MS VC++ 16.8 (VS2019)

END.
